<?xml version="1.0" encoding="UTF-8"?>
<!-- Generated by org.testng.reporters.JUnitXMLReporter -->
<testsuite ignored="1" hostname="AbhishekY-SAG" failures="0" tests="1" name="Default test" time="5.346" errors="0" timestamp="2024-10-02T16:24:20 IST">
  <testcase classname="aurtomation.Testcase.errorValidation" name="LoginError" time="0.535"/>
  <testcase classname="aurtomation.Testcase.errorValidation" name="productErrorValidation" time="0.0">
    <ignored/>
  </testcase> <!-- productErrorValidation -->
</testsuite> <!-- Default test -->
