<?xml version="1.0" encoding="UTF-8"?>
<!-- Generated by org.testng.reporters.JUnitXMLReporter -->
<testsuite ignored="0" hostname="DESKTOP-VABSP24" failures="1" tests="3" name="ErrorValidation" time="57.022" errors="0" timestamp="2024-10-04T22:18:32 IST">
  <testcase classname="aurtomation.Testcase.errorValidation" name="LoginError" time="0.62">
    <skipped/>
  </testcase> <!-- LoginError -->
  <testcase classname="aurtomation.Testcase.errorValidation" name="LoginError" time="0.629">
    <failure type="java.lang.AssertionError" message="expected [Incorrect email or password.] but found [Incrrect email or password.]">
      <![CDATA[java.lang.AssertionError: expected [Incorrect email or password.] but found [Incrrect email or password.]
at aurtomation.Testcase.errorValidation.LoginError(errorValidation.java:26)
at java.base/java.util.ArrayList.forEach(ArrayList.java:1597)
... Removed 31 stack frames]]>
    </failure>
  </testcase> <!-- LoginError -->
  <testcase classname="aurtomation.Testcase.errorValidation" name="productErrorValidation" time="2.408"/>
</testsuite> <!-- ErrorValidation -->
