<?xml version="1.0" encoding="UTF-8"?>
<!-- Generated by org.testng.reporters.JUnitXMLReporter -->
<testsuite ignored="0" hostname="AbhishekY-SAG" failures="0" tests="2" name="Error Validation Test" time="11.619" errors="0" timestamp="2024-10-02T00:52:17 IST">
  <testcase classname="aurtomation.Testcase.errorValidation" name="LoginError" time="0.573"/>
  <testcase classname="aurtomation.Testcase.errorValidation" name="productErrorValidation" time="2.372"/>
</testsuite> <!-- Error Validation Test -->
