<?xml version="1.0" encoding="UTF-8"?>
<!-- Generated by org.testng.reporters.JUnitXMLReporter -->
<testsuite ignored="0" hostname="AbhishekY-SAG" failures="0" tests="2" name="Error Validations Test" time="12.829" errors="0" timestamp="2024-09-26T23:27:23 IST">
  <testcase classname="aurtomation.Testcase.errorValidation" name="LoginError" time="0.314"/>
  <testcase classname="aurtomation.Testcase.errorValidation" name="productErrorValidation" time="2.302"/>
</testsuite> <!-- Error Validations Test -->
