<?xml version="1.0" encoding="UTF-8"?>
<!-- Generated by org.testng.reporters.JUnitXMLReporter -->
<testsuite ignored="0" hostname="DESKTOP-VABSP24" failures="0" tests="3" name="SubmitOrder" time="33.47" errors="0" timestamp="2024-10-04T22:17:34 IST">
  <testcase classname="aurtomation.Testcase.submitOrderTest" name="submitOrder" time="2.849"/>
  <testcase classname="aurtomation.Testcase.submitOrderTest" name="submitOrder" time="3.51"/>
  <testcase classname="aurtomation.Testcase.submitOrderTest" name="OrderHistoryTest" time="1.146"/>
</testsuite> <!-- SubmitOrder -->
