<?xml version="1.0" encoding="UTF-8"?>
<!-- Generated by org.testng.reporters.JUnitXMLReporter -->
<testsuite ignored="0" hostname="AbhishekY-SAG" failures="1" tests="3" name="Submit Order Test" time="18.706" errors="0" timestamp="2024-09-27T18:45:53 IST">
  <testcase classname="aurtomation.Testcase.submitOrderTest" name="submitOrder" time="2.466"/>
  <testcase classname="aurtomation.Testcase.submitOrderTest" name="submitOrder" time="3.424"/>
  <testcase classname="aurtomation.Testcase.submitOrderTest" name="OrderHistory" time="0.0">
    <failure type="org.testng.TestNGException" message="
Cannot inject @Test annotated Method [OrderHistory] with [class java.lang.String, class java.lang.String, class java.lang.String].
For more information on native dependency injection please refer to https://testng.org/#_dependency_injection">
      <![CDATA[org.testng.TestNGException: 
Cannot inject @Test annotated Method [OrderHistory] with [class java.lang.String, class java.lang.String, class java.lang.String].
For more information on native dependency injection please refer to https://testng.org/#_dependency_injection
at java.base/java.util.ArrayList.forEach(ArrayList.java:1597)
... Removed 26 stack frames]]>
    </failure>
  </testcase> <!-- OrderHistory -->
</testsuite> <!-- Submit Order Test -->
